<?xml version="1.0" encoding="UTF-8"?>
<testng-results skipped="0" failed="1" total="1" passed="0">
  <reporter-output>
  </reporter-output>
  <suite name="Default suite" duration-ms="101765" started-at="2021-03-27T09:33:54Z" finished-at="2021-03-27T09:35:36Z">
    <groups>
    </groups>
    <test name="Default test" duration-ms="101765" started-at="2021-03-27T09:33:54Z" finished-at="2021-03-27T09:35:36Z">
      <class name="pom.testcases.POM_TC002">
        <test-method status="PASS" signature="beforeSuite()[pri:0, instance:pom.testcases.POM_TC002@1550481]" name="beforeSuite" is-config="true" duration-ms="1356" started-at="2021-03-27T15:03:53Z" finished-at="2021-03-27T15:03:54Z">
          <reporter-output>
          </reporter-output>
        </test-method> <!-- beforeSuite -->
        <test-method status="PASS" signature="beforeTest()[pri:0, instance:pom.testcases.POM_TC002@1550481]" name="beforeTest" is-config="true" duration-ms="56" started-at="2021-03-27T15:03:54Z" finished-at="2021-03-27T15:03:54Z">
          <reporter-output>
          </reporter-output>
        </test-method> <!-- beforeTest -->
        <test-method status="PASS" signature="beforeClass()[pri:0, instance:pom.testcases.POM_TC002@1550481]" name="beforeClass" is-config="true" duration-ms="1" started-at="2021-03-27T15:03:54Z" finished-at="2021-03-27T15:03:54Z">
          <reporter-output>
          </reporter-output>
        </test-method> <!-- beforeClass -->
        <test-method status="PASS" signature="beforeMethod()[pri:0, instance:pom.testcases.POM_TC002@1550481]" name="beforeMethod" is-config="true" duration-ms="46144" started-at="2021-03-27T15:03:54Z" finished-at="2021-03-27T15:04:41Z">
          <reporter-output>
          </reporter-output>
        </test-method> <!-- beforeMethod -->
        <test-method status="FAIL" signature="IrctcAccommodations()[pri:0, instance:pom.testcases.POM_TC002@1550481]" name="IrctcAccommodations" duration-ms="53940" started-at="2021-03-27T15:04:41Z" finished-at="2021-03-27T15:05:35Z">
          <exception class="java.lang.NullPointerException">
            <full-stacktrace>
              <![CDATA[java.lang.NullPointerException
	at wrappers.GenericWrappers.takeSnap(GenericWrappers.java:519)
	at wrappers.GenericWrappers.enterByXpath(GenericWrappers.java:128)
	at pom.pages.ACPassangersPage.enterPassenger1Name(ACPassangersPage.java:13)
	at pom.testcases.POM_TC002.IrctcAccommodations(POM_TC002.java:44)
	at sun.reflect.NativeMethodAccessorImpl.invoke0(Native Method)
	at sun.reflect.NativeMethodAccessorImpl.invoke(Unknown Source)
	at sun.reflect.DelegatingMethodAccessorImpl.invoke(Unknown Source)
	at java.lang.reflect.Method.invoke(Unknown Source)
	at org.testng.internal.MethodInvocationHelper.invokeMethod(MethodInvocationHelper.java:85)
	at org.testng.internal.Invoker.invokeMethod(Invoker.java:639)
	at org.testng.internal.Invoker.invokeTestMethod(Invoker.java:816)
	at org.testng.internal.Invoker.invokeTestMethods(Invoker.java:1124)
	at org.testng.internal.TestMethodWorker.invokeTestMethods(TestMethodWorker.java:124)
	at org.testng.internal.TestMethodWorker.run(TestMethodWorker.java:108)
	at org.testng.TestRunner.privateRun(TestRunner.java:773)
	at org.testng.TestRunner.run(TestRunner.java:623)
	at org.testng.SuiteRunner.runTest(SuiteRunner.java:359)
	at org.testng.SuiteRunner.runSequentially(SuiteRunner.java:354)
	at org.testng.SuiteRunner.privateRun(SuiteRunner.java:312)
	at org.testng.SuiteRunner.run(SuiteRunner.java:261)
	at org.testng.SuiteRunnerWorker.runSuite(SuiteRunnerWorker.java:52)
	at org.testng.SuiteRunnerWorker.run(SuiteRunnerWorker.java:86)
	at org.testng.TestNG.runSuitesSequentially(TestNG.java:1185)
	at org.testng.TestNG.runSuitesLocally(TestNG.java:1110)
	at org.testng.TestNG.run(TestNG.java:1018)
	at org.testng.remote.RemoteTestNG.run(RemoteTestNG.java:112)
	at org.testng.remote.RemoteTestNG.initAndRun(RemoteTestNG.java:205)
	at org.testng.remote.RemoteTestNG.main(RemoteTestNG.java:176)
]]>
            </full-stacktrace>
          </exception> <!-- java.lang.NullPointerException -->
          <reporter-output>
          </reporter-output>
        </test-method> <!-- IrctcAccommodations -->
        <test-method status="PASS" signature="afterMethod()[pri:0, instance:pom.testcases.POM_TC002@1550481]" name="afterMethod" is-config="true" duration-ms="1560" started-at="2021-03-27T15:05:35Z" finished-at="2021-03-27T15:05:36Z">
          <reporter-output>
          </reporter-output>
        </test-method> <!-- afterMethod -->
        <test-method status="PASS" signature="afterClass()[pri:0, instance:pom.testcases.POM_TC002@1550481]" name="afterClass" is-config="true" duration-ms="1" started-at="2021-03-27T15:05:36Z" finished-at="2021-03-27T15:05:36Z">
          <reporter-output>
          </reporter-output>
        </test-method> <!-- afterClass -->
        <test-method status="PASS" signature="afterTest()[pri:0, instance:pom.testcases.POM_TC002@1550481]" name="afterTest" is-config="true" duration-ms="0" started-at="2021-03-27T15:05:36Z" finished-at="2021-03-27T15:05:36Z">
          <reporter-output>
          </reporter-output>
        </test-method> <!-- afterTest -->
        <test-method status="PASS" signature="afterSuite()[pri:0, instance:pom.testcases.POM_TC002@1550481]" name="afterSuite" is-config="true" duration-ms="1122" started-at="2021-03-27T15:05:36Z" finished-at="2021-03-27T15:05:37Z">
          <reporter-output>
          </reporter-output>
        </test-method> <!-- afterSuite -->
      </class> <!-- pom.testcases.POM_TC002 -->
    </test> <!-- Default test -->
  </suite> <!-- Default suite -->
</testng-results>
